[21-May-2025 00:03:34 Europe/Berlin] PHP Warning:  require_once(database.php): Failed to open stream: No such file or directory in C:\xammp\htdocs\PLP-CLINIC-M-S\time_in.php on line 10
[21-May-2025 00:03:34 Europe/Berlin] PHP Fatal error:  Uncaught Error: Failed opening required 'database.php' (include_path='C:\xammp\php\PEAR') in C:\xammp\htdocs\PLP-CLINIC-M-S\time_in.php:10
Stack trace:
#0 {main}
  thrown in C:\xammp\htdocs\PLP-CLINIC-M-S\time_in.php on line 10
[21-May-2025 00:03:37 Europe/Berlin] PHP Warning:  require_once(database.php): Failed to open stream: No such file or directory in C:\xammp\htdocs\PLP-CLINIC-M-S\time_in.php on line 10
[21-May-2025 00:03:37 Europe/Berlin] PHP Fatal error:  Uncaught Error: Failed opening required 'database.php' (include_path='C:\xammp\php\PEAR') in C:\xammp\htdocs\PLP-CLINIC-M-S\time_in.php:10
Stack trace:
#0 {main}
  thrown in C:\xammp\htdocs\PLP-CLINIC-M-S\time_in.php on line 10
[21-May-2025 00:09:37 Europe/Berlin] PHP Warning:  require_once(database.php): Failed to open stream: No such file or directory in C:\xammp\htdocs\PLP-CLINIC-M-S\time_in.php on line 10
[21-May-2025 00:09:37 Europe/Berlin] PHP Fatal error:  Uncaught Error: Failed opening required 'database.php' (include_path='C:\xammp\php\PEAR') in C:\xammp\htdocs\PLP-CLINIC-M-S\time_in.php:10
Stack trace:
#0 {main}
  thrown in C:\xammp\htdocs\PLP-CLINIC-M-S\time_in.php on line 10
[21-May-2025 00:11:18 Europe/Berlin] PHP Warning:  require_once(database.php): Failed to open stream: No such file or directory in C:\xammp\htdocs\PLP-CLINIC-M-S\time_in.php on line 10
[21-May-2025 00:11:18 Europe/Berlin] PHP Fatal error:  Uncaught Error: Failed opening required 'database.php' (include_path='C:\xammp\php\PEAR') in C:\xammp\htdocs\PLP-CLINIC-M-S\time_in.php:10
Stack trace:
#0 {main}
  thrown in C:\xammp\htdocs\PLP-CLINIC-M-S\time_in.php on line 10
[21-May-2025 00:13:33 Europe/Berlin] PHP Warning:  require_once(database.php): Failed to open stream: No such file or directory in C:\xammp\htdocs\PLP-CLINIC-M-S\time_in.php on line 8
[21-May-2025 00:13:33 Europe/Berlin] PHP Fatal error:  Uncaught Error: Failed opening required 'database.php' (include_path='C:\xammp\php\PEAR') in C:\xammp\htdocs\PLP-CLINIC-M-S\time_in.php:8
Stack trace:
#0 {main}
  thrown in C:\xammp\htdocs\PLP-CLINIC-M-S\time_in.php on line 8
[21-May-2025 00:14:40 Europe/Berlin] PHP Warning:  require_once(../php/database.php): Failed to open stream: No such file or directory in C:\xammp\htdocs\PLP-CLINIC-M-S\time_in.php on line 8
[21-May-2025 00:14:40 Europe/Berlin] PHP Fatal error:  Uncaught Error: Failed opening required '../php/database.php' (include_path='C:\xammp\php\PEAR') in C:\xammp\htdocs\PLP-CLINIC-M-S\time_in.php:8
Stack trace:
#0 {main}
  thrown in C:\xammp\htdocs\PLP-CLINIC-M-S\time_in.php on line 8
[21-May-2025 00:15:14 Europe/Berlin] Raw input received.
[21-May-2025 00:15:15 Europe/Berlin] Database connected successfully
[21-May-2025 00:15:15 Europe/Berlin] Patient_ID query result: 1
[21-May-2025 00:15:15 Europe/Berlin] Visit recorded for Patient_ID: 1
[21-May-2025 00:15:52 Europe/Berlin] Raw input received.
[21-May-2025 00:15:52 Europe/Berlin] Database connected successfully
[21-May-2025 00:15:52 Europe/Berlin] Patient_ID query result: none
[21-May-2025 00:15:52 Europe/Berlin] Student not found for ID: 2300297
[21-May-2025 00:15:57 Europe/Berlin] Raw input received.
[21-May-2025 00:15:57 Europe/Berlin] Database connected successfully
[21-May-2025 00:15:57 Europe/Berlin] Patient_ID query result: 1
[21-May-2025 00:15:57 Europe/Berlin] Visit recorded for Patient_ID: 1
[21-May-2025 10:39:37 Europe/Berlin] Raw input received.
[21-May-2025 10:39:37 Europe/Berlin] Database connected successfully
[21-May-2025 10:39:37 Europe/Berlin] Patient_ID query result: 1
[21-May-2025 10:39:37 Europe/Berlin] Visit recorded for Patient_ID: 1
[21-May-2025 14:34:39 Europe/Berlin] Raw input received.
[21-May-2025 14:34:39 Europe/Berlin] Database connected successfully
[21-May-2025 14:34:39 Europe/Berlin] Patient_ID query result: 1
[21-May-2025 14:34:39 Europe/Berlin] Visit recorded for Patient_ID: 1
[21-May-2025 14:34:52 Europe/Berlin] Raw input received.
[21-May-2025 14:34:52 Europe/Berlin] Database connected successfully
[21-May-2025 14:34:52 Europe/Berlin] Patient_ID query result: 1
[21-May-2025 14:34:52 Europe/Berlin] Visit recorded for Patient_ID: 1
[22-May-2025 07:13:47 Europe/Berlin] Raw input received.
[22-May-2025 07:13:47 Europe/Berlin] Database connected successfully
[22-May-2025 07:13:47 Europe/Berlin] Patient_ID query result: 4
[22-May-2025 07:13:47 Europe/Berlin] Visit recorded for Patient_ID: 4
[22-May-2025 13:49:20 Asia/Manila] Raw input received.
[22-May-2025 13:49:20 Asia/Manila] Database connected successfully
[22-May-2025 13:49:20 Asia/Manila] Patient_ID query result: 4
[22-May-2025 13:49:20 Asia/Manila] Visit recorded for Patient_ID: 4
[22-May-2025 14:14:04 Asia/Manila] Raw input received.
[22-May-2025 14:14:04 Asia/Manila] JSON decode error: Syntax error
[22-May-2025 15:41:57 Asia/Manila] Raw input received.
[22-May-2025 15:41:57 Asia/Manila] Database connected successfully
[22-May-2025 15:41:57 Asia/Manila] Patient_ID query result: 4
[22-May-2025 15:41:57 Asia/Manila] Visit recorded for Patient_ID: 4
[22-May-2025 16:00:10 Asia/Manila] Raw input received.
[22-May-2025 16:00:10 Asia/Manila] Database connected successfully
[22-May-2025 16:00:10 Asia/Manila] Patient_ID query result: 4
[22-May-2025 16:00:10 Asia/Manila] Visit recorded for Patient_ID: 4
[22-May-2025 16:45:27 Asia/Manila] Raw input received.
[22-May-2025 16:45:27 Asia/Manila] Database connected successfully
[22-May-2025 16:45:27 Asia/Manila] Patient_ID query result: 1
[22-May-2025 16:45:27 Asia/Manila] Visit recorded for Patient_ID: 1
[22-May-2025 17:00:56 Asia/Manila] Raw input received.
[22-May-2025 17:00:56 Asia/Manila] Database connected successfully
[22-May-2025 17:00:56 Asia/Manila] Patient_ID query result: 1
[22-May-2025 17:00:56 Asia/Manila] Visit recorded for Patient_ID: 1
[22-May-2025 17:05:31 Asia/Manila] Raw input received.
[22-May-2025 17:05:31 Asia/Manila] Database connected successfully
[22-May-2025 17:05:31 Asia/Manila] Patient_ID query result: 1
[22-May-2025 17:05:31 Asia/Manila] Visit recorded for Patient_ID: 1
[22-May-2025 17:08:33 Asia/Manila] Raw input received.
[22-May-2025 17:08:33 Asia/Manila] Database connected successfully
[22-May-2025 17:08:33 Asia/Manila] Patient_ID query result: 1
[22-May-2025 17:08:33 Asia/Manila] Visit recorded for Patient_ID: 1
[22-May-2025 17:10:35 Asia/Manila] Raw input received.
[22-May-2025 17:10:35 Asia/Manila] Database connected successfully
[22-May-2025 17:10:35 Asia/Manila] Patient_ID query result: 1
[22-May-2025 17:10:35 Asia/Manila] Visit recorded for Patient_ID: 1
[22-May-2025 17:18:38 Asia/Manila] Raw input received.
[22-May-2025 17:18:38 Asia/Manila] Database connected successfully
[22-May-2025 17:18:38 Asia/Manila] Patient_ID query result: 1
[22-May-2025 17:18:38 Asia/Manila] Visit recorded for Patient_ID: 1
[22-May-2025 17:20:21 Asia/Manila] Raw input received.
[22-May-2025 17:20:21 Asia/Manila] Database connected successfully
[22-May-2025 17:20:21 Asia/Manila] Patient_ID query result: 1
[22-May-2025 17:20:21 Asia/Manila] Visit recorded for Patient_ID: 1
[22-May-2025 17:23:39 Asia/Manila] Raw input received.
[22-May-2025 17:23:39 Asia/Manila] Database connected successfully
[22-May-2025 17:23:39 Asia/Manila] Patient_ID query result: 1
[22-May-2025 17:23:39 Asia/Manila] Visit recorded for Patient_ID: 1
[22-May-2025 17:24:02 Asia/Manila] Raw input received.
[22-May-2025 17:24:02 Asia/Manila] Database connected successfully
[22-May-2025 17:24:02 Asia/Manila] Patient_ID query result: 1
[22-May-2025 17:24:02 Asia/Manila] Visit recorded for Patient_ID: 1
[22-May-2025 17:32:36 Asia/Manila] Raw input received.
[22-May-2025 17:32:36 Asia/Manila] Database connected successfully
[22-May-2025 17:32:36 Asia/Manila] Patient_ID query result: 1
[22-May-2025 17:32:36 Asia/Manila] Visit recorded for Patient_ID: 1
[22-May-2025 18:20:12 Asia/Manila] Raw input received.
[22-May-2025 18:20:12 Asia/Manila] Database connected successfully
[22-May-2025 18:20:12 Asia/Manila] Patient_ID query result: 6
[22-May-2025 18:20:12 Asia/Manila] Visit recorded for Patient_ID: 6
[22-May-2025 17:56:39 Asia/Manila] Raw input received.
[22-May-2025 17:56:39 Asia/Manila] Database connected successfully
[22-May-2025 17:56:39 Asia/Manila] Patient_ID query result: 1
[22-May-2025 17:56:39 Asia/Manila] Visit recorded for Patient_ID: 1
[22-May-2025 18:33:25 Asia/Manila] Raw input received.
[22-May-2025 18:33:25 Asia/Manila] Database connected successfully
[22-May-2025 18:33:25 Asia/Manila] Patient_ID query result: 1
[22-May-2025 18:33:25 Asia/Manila] Visit recorded for Patient_ID: 1
